2025-06-23T19:24:41.340+05:30  INFO 95832 --- [order] [main] o.service.order.OrderApplicationTests    : Starting OrderApplicationTests using Java 23.0.2 with PID 95832 (started by roja in /Users/roja/Work/Projects/ECommerce_SpringBoot/order-service/order)
2025-06-23T19:24:41.342+05:30  INFO 95832 --- [order] [main] o.service.order.OrderApplicationTests    : No active profile set, falling back to 1 default profile: "default"
2025-06-23T19:24:41.597+05:30  INFO 95832 --- [order] [main] o.s.order.controller.OrderController     : Entered OrderController
2025-06-23T19:24:41.758+05:30  INFO 95832 --- [order] [main] o.a.k.clients.consumer.ConsumerConfig    : ConsumerConfig values: 
	allow.auto.create.topics = true
	auto.commit.interval.ms = 5000
	auto.include.jmx.reporter = true
	auto.offset.reset = latest
	bootstrap.servers = [kafka:9092]
	check.crcs = true
	client.dns.lookup = use_all_dns_ips
	client.id = consumer-string-group-1
	client.rack = 
	connections.max.idle.ms = 540000
	default.api.timeout.ms = 60000
	enable.auto.commit = false
	enable.metrics.push = true
	exclude.internal.topics = true
	fetch.max.bytes = 52428800
	fetch.max.wait.ms = 500
	fetch.min.bytes = 1
	group.id = string-group
	group.instance.id = null
	group.protocol = classic
	group.remote.assignor = null
	heartbeat.interval.ms = 3000
	interceptor.classes = []
	internal.leave.group.on.close = true
	internal.throw.on.fetch.stable.offset.unsupported = false
	isolation.level = read_uncommitted
	key.deserializer = class org.apache.kafka.common.serialization.StringDeserializer
	max.partition.fetch.bytes = 1048576
	max.poll.interval.ms = 300000
	max.poll.records = 500
	metadata.max.age.ms = 300000
	metadata.recovery.strategy = none
	metric.reporters = []
	metrics.num.samples = 2
	metrics.recording.level = INFO
	metrics.sample.window.ms = 30000
	partition.assignment.strategy = [class org.apache.kafka.clients.consumer.RangeAssignor, class org.apache.kafka.clients.consumer.CooperativeStickyAssignor]
	receive.buffer.bytes = 65536
	reconnect.backoff.max.ms = 1000
	reconnect.backoff.ms = 50
	request.timeout.ms = 30000
	retry.backoff.max.ms = 1000
	retry.backoff.ms = 100
	sasl.client.callback.handler.class = null
	sasl.jaas.config = null
	sasl.kerberos.kinit.cmd = /usr/bin/kinit
	sasl.kerberos.min.time.before.relogin = 60000
	sasl.kerberos.service.name = null
	sasl.kerberos.ticket.renew.jitter = 0.05
	sasl.kerberos.ticket.renew.window.factor = 0.8
	sasl.login.callback.handler.class = null
	sasl.login.class = null
	sasl.login.connect.timeout.ms = null
	sasl.login.read.timeout.ms = null
	sasl.login.refresh.buffer.seconds = 300
	sasl.login.refresh.min.period.seconds = 60
	sasl.login.refresh.window.factor = 0.8
	sasl.login.refresh.window.jitter = 0.05
	sasl.login.retry.backoff.max.ms = 10000
	sasl.login.retry.backoff.ms = 100
	sasl.mechanism = GSSAPI
	sasl.oauthbearer.clock.skew.seconds = 30
	sasl.oauthbearer.expected.audience = null
	sasl.oauthbearer.expected.issuer = null
	sasl.oauthbearer.header.urlencode = false
	sasl.oauthbearer.jwks.endpoint.refresh.ms = 3600000
	sasl.oauthbearer.jwks.endpoint.retry.backoff.max.ms = 10000
	sasl.oauthbearer.jwks.endpoint.retry.backoff.ms = 100
	sasl.oauthbearer.jwks.endpoint.url = null
	sasl.oauthbearer.scope.claim.name = scope
	sasl.oauthbearer.sub.claim.name = sub
	sasl.oauthbearer.token.endpoint.url = null
	security.protocol = PLAINTEXT
	security.providers = null
	send.buffer.bytes = 131072
	session.timeout.ms = 45000
	socket.connection.setup.timeout.max.ms = 30000
	socket.connection.setup.timeout.ms = 10000
	ssl.cipher.suites = null
	ssl.enabled.protocols = [TLSv1.2, TLSv1.3]
	ssl.endpoint.identification.algorithm = https
	ssl.engine.factory.class = null
	ssl.key.password = null
	ssl.keymanager.algorithm = SunX509
	ssl.keystore.certificate.chain = null
	ssl.keystore.key = null
	ssl.keystore.location = null
	ssl.keystore.password = null
	ssl.keystore.type = JKS
	ssl.protocol = TLSv1.3
	ssl.provider = null
	ssl.secure.random.implementation = null
	ssl.trustmanager.algorithm = PKIX
	ssl.truststore.certificates = null
	ssl.truststore.location = null
	ssl.truststore.password = null
	ssl.truststore.type = JKS
	value.deserializer = class org.apache.kafka.common.serialization.StringDeserializer

2025-06-23T19:24:41.760+05:30 DEBUG 95832 --- [order] [main] o.a.k.c.c.i.ClassicKafkaConsumer         : [Consumer clientId=consumer-string-group-1, groupId=string-group] Initializing the Kafka consumer
2025-06-23T19:24:41.770+05:30  INFO 95832 --- [order] [main] o.a.k.c.t.i.KafkaMetricsCollector        : initializing Kafka metrics collector
2025-06-23T19:24:44.956+05:30  WARN 95832 --- [order] [main] org.apache.kafka.clients.ClientUtils     : Couldn't resolve server kafka:9092 from bootstrap.servers as DNS resolution failed for kafka
2025-06-23T19:24:44.957+05:30 DEBUG 95832 --- [order] [main] o.a.k.c.t.i.ClientTelemetryReporter      : Initiate close of ClientTelemetryReporter
2025-06-23T19:24:44.957+05:30 DEBUG 95832 --- [order] [main] o.a.k.c.t.i.ClientTelemetryReporter      : initiate close for client telemetry, check if terminal push required.
2025-06-23T19:24:44.957+05:30 DEBUG 95832 --- [order] [main] o.a.k.c.t.i.ClientTelemetryReporter      : Telemetry subscription not loaded, not attempting terminating push
2025-06-23T19:24:44.958+05:30  INFO 95832 --- [order] [main] o.apache.kafka.common.metrics.Metrics    : Metrics scheduler closed
2025-06-23T19:24:44.958+05:30  INFO 95832 --- [order] [main] o.apache.kafka.common.metrics.Metrics    : Closing reporter org.apache.kafka.common.metrics.JmxReporter
2025-06-23T19:24:44.958+05:30  INFO 95832 --- [order] [main] o.apache.kafka.common.metrics.Metrics    : Closing reporter org.apache.kafka.common.telemetry.internals.ClientTelemetryReporter
2025-06-23T19:24:44.958+05:30 DEBUG 95832 --- [order] [main] o.a.k.c.t.i.ClientTelemetryReporter      : Stopping ClientTelemetryReporter
2025-06-23T19:24:44.958+05:30 DEBUG 95832 --- [order] [main] o.a.k.c.t.i.ClientTelemetryReporter      : close telemetry sender for client telemetry reporter instance
2025-06-23T19:24:44.958+05:30 DEBUG 95832 --- [order] [main] o.a.k.c.t.i.ClientTelemetryReporter      : Setting telemetry state from SUBSCRIPTION_NEEDED to TERMINATED
2025-06-23T19:24:44.958+05:30  INFO 95832 --- [order] [main] o.apache.kafka.common.metrics.Metrics    : Metrics reporters closed
2025-06-23T19:24:44.959+05:30 DEBUG 95832 --- [order] [main] o.a.k.c.t.i.ClientTelemetryReporter      : Stopping ClientTelemetryReporter
2025-06-23T19:24:44.959+05:30 DEBUG 95832 --- [order] [main] o.a.k.c.t.i.ClientTelemetryReporter      : close telemetry sender for client telemetry reporter instance
2025-06-23T19:24:44.959+05:30 DEBUG 95832 --- [order] [main] o.a.k.c.t.i.ClientTelemetryReporter      : Ignoring subsequent close
2025-06-23T19:24:44.960+05:30  INFO 95832 --- [order] [main] o.a.kafka.common.utils.AppInfoParser     : App info kafka.consumer for consumer-string-group-1 unregistered
2025-06-23T19:24:44.960+05:30 DEBUG 95832 --- [order] [main] o.a.k.c.c.i.ClassicKafkaConsumer         : [Consumer clientId=consumer-string-group-1, groupId=string-group] Kafka consumer has been closed
2025-06-23T19:26:02.181+05:30  INFO 96396 --- [order] [main] o.service.order.OrderApplicationTests    : Starting OrderApplicationTests using Java 23.0.2 with PID 96396 (started by roja in /Users/roja/Work/Projects/ECommerce_SpringBoot/order-service/order)
2025-06-23T19:26:02.182+05:30  INFO 96396 --- [order] [main] o.service.order.OrderApplicationTests    : No active profile set, falling back to 1 default profile: "default"
2025-06-23T19:26:02.460+05:30  INFO 96396 --- [order] [main] o.s.order.controller.OrderController     : Entered OrderController
2025-06-23T19:26:02.614+05:30  INFO 96396 --- [order] [main] o.a.k.clients.consumer.ConsumerConfig    : ConsumerConfig values: 
	allow.auto.create.topics = true
	auto.commit.interval.ms = 5000
	auto.include.jmx.reporter = true
	auto.offset.reset = latest
	bootstrap.servers = [kafka:9092]
	check.crcs = true
	client.dns.lookup = use_all_dns_ips
	client.id = consumer-string-group-1
	client.rack = 
	connections.max.idle.ms = 540000
	default.api.timeout.ms = 60000
	enable.auto.commit = false
	enable.metrics.push = true
	exclude.internal.topics = true
	fetch.max.bytes = 52428800
	fetch.max.wait.ms = 500
	fetch.min.bytes = 1
	group.id = string-group
	group.instance.id = null
	group.protocol = classic
	group.remote.assignor = null
	heartbeat.interval.ms = 3000
	interceptor.classes = []
	internal.leave.group.on.close = true
	internal.throw.on.fetch.stable.offset.unsupported = false
	isolation.level = read_uncommitted
	key.deserializer = class org.apache.kafka.common.serialization.StringDeserializer
	max.partition.fetch.bytes = 1048576
	max.poll.interval.ms = 300000
	max.poll.records = 500
	metadata.max.age.ms = 300000
	metadata.recovery.strategy = none
	metric.reporters = []
	metrics.num.samples = 2
	metrics.recording.level = INFO
	metrics.sample.window.ms = 30000
	partition.assignment.strategy = [class org.apache.kafka.clients.consumer.RangeAssignor, class org.apache.kafka.clients.consumer.CooperativeStickyAssignor]
	receive.buffer.bytes = 65536
	reconnect.backoff.max.ms = 1000
	reconnect.backoff.ms = 50
	request.timeout.ms = 30000
	retry.backoff.max.ms = 1000
	retry.backoff.ms = 100
	sasl.client.callback.handler.class = null
	sasl.jaas.config = null
	sasl.kerberos.kinit.cmd = /usr/bin/kinit
	sasl.kerberos.min.time.before.relogin = 60000
	sasl.kerberos.service.name = null
	sasl.kerberos.ticket.renew.jitter = 0.05
	sasl.kerberos.ticket.renew.window.factor = 0.8
	sasl.login.callback.handler.class = null
	sasl.login.class = null
	sasl.login.connect.timeout.ms = null
	sasl.login.read.timeout.ms = null
	sasl.login.refresh.buffer.seconds = 300
	sasl.login.refresh.min.period.seconds = 60
	sasl.login.refresh.window.factor = 0.8
	sasl.login.refresh.window.jitter = 0.05
	sasl.login.retry.backoff.max.ms = 10000
	sasl.login.retry.backoff.ms = 100
	sasl.mechanism = GSSAPI
	sasl.oauthbearer.clock.skew.seconds = 30
	sasl.oauthbearer.expected.audience = null
	sasl.oauthbearer.expected.issuer = null
	sasl.oauthbearer.header.urlencode = false
	sasl.oauthbearer.jwks.endpoint.refresh.ms = 3600000
	sasl.oauthbearer.jwks.endpoint.retry.backoff.max.ms = 10000
	sasl.oauthbearer.jwks.endpoint.retry.backoff.ms = 100
	sasl.oauthbearer.jwks.endpoint.url = null
	sasl.oauthbearer.scope.claim.name = scope
	sasl.oauthbearer.sub.claim.name = sub
	sasl.oauthbearer.token.endpoint.url = null
	security.protocol = PLAINTEXT
	security.providers = null
	send.buffer.bytes = 131072
	session.timeout.ms = 45000
	socket.connection.setup.timeout.max.ms = 30000
	socket.connection.setup.timeout.ms = 10000
	ssl.cipher.suites = null
	ssl.enabled.protocols = [TLSv1.2, TLSv1.3]
	ssl.endpoint.identification.algorithm = https
	ssl.engine.factory.class = null
	ssl.key.password = null
	ssl.keymanager.algorithm = SunX509
	ssl.keystore.certificate.chain = null
	ssl.keystore.key = null
	ssl.keystore.location = null
	ssl.keystore.password = null
	ssl.keystore.type = JKS
	ssl.protocol = TLSv1.3
	ssl.provider = null
	ssl.secure.random.implementation = null
	ssl.trustmanager.algorithm = PKIX
	ssl.truststore.certificates = null
	ssl.truststore.location = null
	ssl.truststore.password = null
	ssl.truststore.type = JKS
	value.deserializer = class org.apache.kafka.common.serialization.StringDeserializer

2025-06-23T19:26:02.618+05:30 DEBUG 96396 --- [order] [main] o.a.k.c.c.i.ClassicKafkaConsumer         : [Consumer clientId=consumer-string-group-1, groupId=string-group] Initializing the Kafka consumer
2025-06-23T19:26:02.628+05:30  INFO 96396 --- [order] [main] o.a.k.c.t.i.KafkaMetricsCollector        : initializing Kafka metrics collector
2025-06-23T19:26:02.671+05:30  WARN 96396 --- [order] [main] org.apache.kafka.clients.ClientUtils     : Couldn't resolve server kafka:9092 from bootstrap.servers as DNS resolution failed for kafka
2025-06-23T19:26:02.672+05:30 DEBUG 96396 --- [order] [main] o.a.k.c.t.i.ClientTelemetryReporter      : Initiate close of ClientTelemetryReporter
2025-06-23T19:26:02.672+05:30 DEBUG 96396 --- [order] [main] o.a.k.c.t.i.ClientTelemetryReporter      : initiate close for client telemetry, check if terminal push required.
2025-06-23T19:26:02.672+05:30 DEBUG 96396 --- [order] [main] o.a.k.c.t.i.ClientTelemetryReporter      : Telemetry subscription not loaded, not attempting terminating push
2025-06-23T19:26:02.672+05:30  INFO 96396 --- [order] [main] o.apache.kafka.common.metrics.Metrics    : Metrics scheduler closed
2025-06-23T19:26:02.672+05:30  INFO 96396 --- [order] [main] o.apache.kafka.common.metrics.Metrics    : Closing reporter org.apache.kafka.common.metrics.JmxReporter
2025-06-23T19:26:02.672+05:30  INFO 96396 --- [order] [main] o.apache.kafka.common.metrics.Metrics    : Closing reporter org.apache.kafka.common.telemetry.internals.ClientTelemetryReporter
2025-06-23T19:26:02.672+05:30 DEBUG 96396 --- [order] [main] o.a.k.c.t.i.ClientTelemetryReporter      : Stopping ClientTelemetryReporter
2025-06-23T19:26:02.672+05:30 DEBUG 96396 --- [order] [main] o.a.k.c.t.i.ClientTelemetryReporter      : close telemetry sender for client telemetry reporter instance
2025-06-23T19:26:02.672+05:30 DEBUG 96396 --- [order] [main] o.a.k.c.t.i.ClientTelemetryReporter      : Setting telemetry state from SUBSCRIPTION_NEEDED to TERMINATED
2025-06-23T19:26:02.672+05:30  INFO 96396 --- [order] [main] o.apache.kafka.common.metrics.Metrics    : Metrics reporters closed
2025-06-23T19:26:02.673+05:30 DEBUG 96396 --- [order] [main] o.a.k.c.t.i.ClientTelemetryReporter      : Stopping ClientTelemetryReporter
2025-06-23T19:26:02.673+05:30 DEBUG 96396 --- [order] [main] o.a.k.c.t.i.ClientTelemetryReporter      : close telemetry sender for client telemetry reporter instance
2025-06-23T19:26:02.673+05:30 DEBUG 96396 --- [order] [main] o.a.k.c.t.i.ClientTelemetryReporter      : Ignoring subsequent close
2025-06-23T19:26:02.673+05:30  INFO 96396 --- [order] [main] o.a.kafka.common.utils.AppInfoParser     : App info kafka.consumer for consumer-string-group-1 unregistered
2025-06-23T19:26:02.673+05:30 DEBUG 96396 --- [order] [main] o.a.k.c.c.i.ClassicKafkaConsumer         : [Consumer clientId=consumer-string-group-1, groupId=string-group] Kafka consumer has been closed
