2025-06-01T16:47:30.329+05:30  INFO 13580 --- [demo] [main] inventory.demo.DemoApplicationTests      : Starting DemoApplicationTests using Java 23.0.2 with PID 13580 (started by roja in /Users/roja/Work/Projects/ECommerce_SpringBoot/inventory-service/demo)
2025-06-01T16:47:30.330+05:30  INFO 13580 --- [demo] [main] inventory.demo.DemoApplicationTests      : No active profile set, falling back to 1 default profile: "default"
2025-06-01T16:47:30.514+05:30  INFO 13580 --- [demo] [main] .s.d.r.c.RepositoryConfigurationDelegate : Bootstrapping Spring Data JPA repositories in DEFAULT mode.
2025-06-01T16:47:30.530+05:30  INFO 13580 --- [demo] [main] .s.d.r.c.RepositoryConfigurationDelegate : Finished Spring Data repository scanning in 12 ms. Found 1 JPA repository interface.
2025-06-01T16:47:30.677+05:30  INFO 13580 --- [demo] [main] o.hibernate.jpa.internal.util.LogHelper  : HHH000204: Processing PersistenceUnitInfo [name: default]
2025-06-01T16:47:30.694+05:30  INFO 13580 --- [demo] [main] org.hibernate.Version                    : HHH000412: Hibernate ORM core version 6.6.15.Final
2025-06-01T16:47:30.704+05:30  INFO 13580 --- [demo] [main] o.h.c.internal.RegionFactoryInitiator    : HHH000026: Second-level cache disabled
2025-06-01T16:47:30.792+05:30  INFO 13580 --- [demo] [main] o.s.o.j.p.SpringPersistenceUnitInfo      : No LoadTimeWeaver setup: ignoring JPA class transformer
2025-06-01T16:47:30.800+05:30  INFO 13580 --- [demo] [main] com.zaxxer.hikari.HikariDataSource       : HikariPool-1 - Starting...
2025-06-01T16:47:30.842+05:30  INFO 13580 --- [demo] [main] com.zaxxer.hikari.pool.HikariPool        : HikariPool-1 - Added connection org.postgresql.jdbc.PgConnection@6249a08d
2025-06-01T16:47:30.842+05:30  INFO 13580 --- [demo] [main] com.zaxxer.hikari.HikariDataSource       : HikariPool-1 - Start completed.
2025-06-01T16:47:30.856+05:30  WARN 13580 --- [demo] [main] org.hibernate.orm.deprecation            : HHH90000025: PostgreSQLDialect does not need to be specified explicitly using 'hibernate.dialect' (remove the property setting and it will be selected by default)
2025-06-01T16:47:30.862+05:30  INFO 13580 --- [demo] [main] org.hibernate.orm.connections.pooling    : HHH10001005: Database info:
	Database JDBC URL [Connecting through datasource 'HikariDataSource (HikariPool-1)']
	Database driver: undefined/unknown
	Database version: 14.17
	Autocommit mode: undefined/unknown
	Isolation level: undefined/unknown
	Minimum pool size: undefined/unknown
	Maximum pool size: undefined/unknown
2025-06-01T16:47:31.199+05:30  INFO 13580 --- [demo] [main] o.h.e.t.j.p.i.JtaPlatformInitiator       : HHH000489: No JTA platform available (set 'hibernate.transaction.jta.platform' to enable JTA platform integration)
2025-06-01T16:47:31.224+05:30  INFO 13580 --- [demo] [main] j.LocalContainerEntityManagerFactoryBean : Initialized JPA EntityManagerFactory for persistence unit 'default'
2025-06-01T16:47:31.342+05:30  WARN 13580 --- [demo] [main] JpaBaseConfiguration$JpaWebConfiguration : spring.jpa.open-in-view is enabled by default. Therefore, database queries may be performed during view rendering. Explicitly configure spring.jpa.open-in-view to disable this warning
2025-06-01T16:47:31.482+05:30  INFO 13580 --- [demo] [main] o.a.k.clients.consumer.ConsumerConfig    : ConsumerConfig values: 
	allow.auto.create.topics = true
	auto.commit.interval.ms = 5000
	auto.include.jmx.reporter = true
	auto.offset.reset = latest
	bootstrap.servers = [localhost:9092]
	check.crcs = true
	client.dns.lookup = use_all_dns_ips
	client.id = consumer-inventory-group-1
	client.rack = 
	connections.max.idle.ms = 540000
	default.api.timeout.ms = 60000
	enable.auto.commit = false
	enable.metrics.push = true
	exclude.internal.topics = true
	fetch.max.bytes = 52428800
	fetch.max.wait.ms = 500
	fetch.min.bytes = 1
	group.id = inventory-group
	group.instance.id = null
	group.protocol = classic
	group.remote.assignor = null
	heartbeat.interval.ms = 3000
	interceptor.classes = []
	internal.leave.group.on.close = true
	internal.throw.on.fetch.stable.offset.unsupported = false
	isolation.level = read_uncommitted
	key.deserializer = class org.apache.kafka.common.serialization.StringDeserializer
	max.partition.fetch.bytes = 1048576
	max.poll.interval.ms = 300000
	max.poll.records = 500
	metadata.max.age.ms = 300000
	metadata.recovery.strategy = none
	metric.reporters = []
	metrics.num.samples = 2
	metrics.recording.level = INFO
	metrics.sample.window.ms = 30000
	partition.assignment.strategy = [class org.apache.kafka.clients.consumer.RangeAssignor, class org.apache.kafka.clients.consumer.CooperativeStickyAssignor]
	receive.buffer.bytes = 65536
	reconnect.backoff.max.ms = 1000
	reconnect.backoff.ms = 50
	request.timeout.ms = 30000
	retry.backoff.max.ms = 1000
	retry.backoff.ms = 100
	sasl.client.callback.handler.class = null
	sasl.jaas.config = null
	sasl.kerberos.kinit.cmd = /usr/bin/kinit
	sasl.kerberos.min.time.before.relogin = 60000
	sasl.kerberos.service.name = null
	sasl.kerberos.ticket.renew.jitter = 0.05
	sasl.kerberos.ticket.renew.window.factor = 0.8
	sasl.login.callback.handler.class = null
	sasl.login.class = null
	sasl.login.connect.timeout.ms = null
	sasl.login.read.timeout.ms = null
	sasl.login.refresh.buffer.seconds = 300
	sasl.login.refresh.min.period.seconds = 60
	sasl.login.refresh.window.factor = 0.8
	sasl.login.refresh.window.jitter = 0.05
	sasl.login.retry.backoff.max.ms = 10000
	sasl.login.retry.backoff.ms = 100
	sasl.mechanism = GSSAPI
	sasl.oauthbearer.clock.skew.seconds = 30
	sasl.oauthbearer.expected.audience = null
	sasl.oauthbearer.expected.issuer = null
	sasl.oauthbearer.header.urlencode = false
	sasl.oauthbearer.jwks.endpoint.refresh.ms = 3600000
	sasl.oauthbearer.jwks.endpoint.retry.backoff.max.ms = 10000
	sasl.oauthbearer.jwks.endpoint.retry.backoff.ms = 100
	sasl.oauthbearer.jwks.endpoint.url = null
	sasl.oauthbearer.scope.claim.name = scope
	sasl.oauthbearer.sub.claim.name = sub
	sasl.oauthbearer.token.endpoint.url = null
	security.protocol = PLAINTEXT
	security.providers = null
	send.buffer.bytes = 131072
	session.timeout.ms = 45000
	socket.connection.setup.timeout.max.ms = 30000
	socket.connection.setup.timeout.ms = 10000
	ssl.cipher.suites = null
	ssl.enabled.protocols = [TLSv1.2, TLSv1.3]
	ssl.endpoint.identification.algorithm = https
	ssl.engine.factory.class = null
	ssl.key.password = null
	ssl.keymanager.algorithm = SunX509
	ssl.keystore.certificate.chain = null
	ssl.keystore.key = null
	ssl.keystore.location = null
	ssl.keystore.password = null
	ssl.keystore.type = JKS
	ssl.protocol = TLSv1.3
	ssl.provider = null
	ssl.secure.random.implementation = null
	ssl.trustmanager.algorithm = PKIX
	ssl.truststore.certificates = null
	ssl.truststore.location = null
	ssl.truststore.password = null
	ssl.truststore.type = JKS
	value.deserializer = class org.springframework.kafka.support.serializer.JsonDeserializer

2025-06-01T16:47:31.501+05:30  INFO 13580 --- [demo] [main] o.a.k.c.t.i.KafkaMetricsCollector        : initializing Kafka metrics collector
2025-06-01T16:47:31.575+05:30  INFO 13580 --- [demo] [main] o.a.kafka.common.utils.AppInfoParser     : Kafka version: 3.9.1
2025-06-01T16:47:31.575+05:30  INFO 13580 --- [demo] [main] o.a.kafka.common.utils.AppInfoParser     : Kafka commitId: f745dfdcee2b9851
2025-06-01T16:47:31.575+05:30  INFO 13580 --- [demo] [main] o.a.kafka.common.utils.AppInfoParser     : Kafka startTimeMs: 1748776651575
2025-06-01T16:47:31.576+05:30  INFO 13580 --- [demo] [main] o.a.k.c.c.i.ClassicKafkaConsumer         : [Consumer clientId=consumer-inventory-group-1, groupId=inventory-group] Subscribed to topic(s): order-events
2025-06-01T16:47:31.585+05:30  INFO 13580 --- [demo] [main] inventory.demo.DemoApplicationTests      : Started DemoApplicationTests in 1.367 seconds (process running for 1.706)
2025-06-01T16:47:31.704+05:30  INFO 13580 --- [demo] [org.springframework.kafka.KafkaListenerEndpointContainer#0-0-C-1] org.apache.kafka.clients.Metadata        : [Consumer clientId=consumer-inventory-group-1, groupId=inventory-group] Cluster ID: PpfBIlqaQ3e0ZeJAyb_1Ew
2025-06-01T16:47:31.704+05:30  INFO 13580 --- [demo] [org.springframework.kafka.KafkaListenerEndpointContainer#0-0-C-1] o.a.k.c.c.internals.ConsumerCoordinator  : [Consumer clientId=consumer-inventory-group-1, groupId=inventory-group] Discovered group coordinator localhost:9092 (id: 2147482646 rack: null)
2025-06-01T16:47:31.705+05:30  INFO 13580 --- [demo] [org.springframework.kafka.KafkaListenerEndpointContainer#0-0-C-1] o.a.k.c.c.internals.ConsumerCoordinator  : [Consumer clientId=consumer-inventory-group-1, groupId=inventory-group] (Re-)joining group
2025-06-01T16:47:31.712+05:30  INFO 13580 --- [demo] [org.springframework.kafka.KafkaListenerEndpointContainer#0-0-C-1] o.a.k.c.c.internals.ConsumerCoordinator  : [Consumer clientId=consumer-inventory-group-1, groupId=inventory-group] Request joining group due to: need to re-join with the given member-id: consumer-inventory-group-1-ca4d773f-6667-4515-90cd-852bb3c08cfb
2025-06-01T16:47:31.712+05:30  INFO 13580 --- [demo] [org.springframework.kafka.KafkaListenerEndpointContainer#0-0-C-1] o.a.k.c.c.internals.ConsumerCoordinator  : [Consumer clientId=consumer-inventory-group-1, groupId=inventory-group] (Re-)joining group
2025-06-01T16:47:31.788+05:30  INFO 13580 --- [demo] [org.springframework.kafka.KafkaListenerEndpointContainer#0-0-C-1] o.a.k.c.c.internals.ConsumerCoordinator  : [Consumer clientId=consumer-inventory-group-1, groupId=inventory-group] Successfully joined group with generation Generation{generationId=16, memberId='consumer-inventory-group-1-ca4d773f-6667-4515-90cd-852bb3c08cfb', protocol='range'}
2025-06-01T16:47:31.791+05:30  INFO 13580 --- [demo] [org.springframework.kafka.KafkaListenerEndpointContainer#0-0-C-1] o.a.k.c.c.internals.ConsumerCoordinator  : [Consumer clientId=consumer-inventory-group-1, groupId=inventory-group] Finished assignment for group at generation 16: {consumer-inventory-group-1-ca4d773f-6667-4515-90cd-852bb3c08cfb=Assignment(partitions=[order-events-0])}
2025-06-01T16:47:31.793+05:30  INFO 13580 --- [demo] [org.springframework.kafka.KafkaListenerEndpointContainer#0-0-C-1] o.a.k.c.c.internals.ConsumerCoordinator  : [Consumer clientId=consumer-inventory-group-1, groupId=inventory-group] Successfully synced group in generation Generation{generationId=16, memberId='consumer-inventory-group-1-ca4d773f-6667-4515-90cd-852bb3c08cfb', protocol='range'}
2025-06-01T16:47:31.794+05:30  INFO 13580 --- [demo] [org.springframework.kafka.KafkaListenerEndpointContainer#0-0-C-1] o.a.k.c.c.internals.ConsumerCoordinator  : [Consumer clientId=consumer-inventory-group-1, groupId=inventory-group] Notifying assignor about the new Assignment(partitions=[order-events-0])
2025-06-01T16:47:31.795+05:30  INFO 13580 --- [demo] [org.springframework.kafka.KafkaListenerEndpointContainer#0-0-C-1] k.c.c.i.ConsumerRebalanceListenerInvoker : [Consumer clientId=consumer-inventory-group-1, groupId=inventory-group] Adding newly assigned partitions: order-events-0
2025-06-01T16:47:31.798+05:30  INFO 13580 --- [demo] [org.springframework.kafka.KafkaListenerEndpointContainer#0-0-C-1] o.a.k.c.c.internals.ConsumerUtils        : Setting offset for partition order-events-0 to the committed offset FetchPosition{offset=6, offsetEpoch=Optional.empty, currentLeader=LeaderAndEpoch{leader=Optional[localhost:9092 (id: 1001 rack: null)], epoch=0}}
2025-06-01T16:47:31.798+05:30  INFO 13580 --- [demo] [org.springframework.kafka.KafkaListenerEndpointContainer#0-0-C-1] o.s.k.l.KafkaMessageListenerContainer    : inventory-group: partitions assigned: [order-events-0]
2025-06-01T16:47:31.851+05:30  INFO 13580 --- [demo] [org.springframework.kafka.KafkaListenerEndpointContainer#0-0-C-1] k.c.c.i.ConsumerRebalanceListenerInvoker : [Consumer clientId=consumer-inventory-group-1, groupId=inventory-group] Revoke previously assigned partitions order-events-0
2025-06-01T16:47:31.851+05:30  INFO 13580 --- [demo] [org.springframework.kafka.KafkaListenerEndpointContainer#0-0-C-1] o.s.k.l.KafkaMessageListenerContainer    : inventory-group: partitions revoked: [order-events-0]
2025-06-01T16:47:31.851+05:30  INFO 13580 --- [demo] [org.springframework.kafka.KafkaListenerEndpointContainer#0-0-C-1] o.a.k.c.c.internals.ConsumerCoordinator  : [Consumer clientId=consumer-inventory-group-1, groupId=inventory-group] Member consumer-inventory-group-1-ca4d773f-6667-4515-90cd-852bb3c08cfb sending LeaveGroup request to coordinator localhost:9092 (id: 2147482646 rack: null) due to the consumer unsubscribed from all topics
2025-06-01T16:47:31.851+05:30  INFO 13580 --- [demo] [org.springframework.kafka.KafkaListenerEndpointContainer#0-0-C-1] o.a.k.c.c.internals.ConsumerCoordinator  : [Consumer clientId=consumer-inventory-group-1, groupId=inventory-group] Resetting generation and member id due to: consumer pro-actively leaving the group
2025-06-01T16:47:31.851+05:30  INFO 13580 --- [demo] [org.springframework.kafka.KafkaListenerEndpointContainer#0-0-C-1] o.a.k.c.c.internals.ConsumerCoordinator  : [Consumer clientId=consumer-inventory-group-1, groupId=inventory-group] Request joining group due to: consumer pro-actively leaving the group
2025-06-01T16:47:31.851+05:30  INFO 13580 --- [demo] [org.springframework.kafka.KafkaListenerEndpointContainer#0-0-C-1] o.a.k.c.c.i.ClassicKafkaConsumer         : [Consumer clientId=consumer-inventory-group-1, groupId=inventory-group] Unsubscribed all topics or patterns and assigned partitions
2025-06-01T16:47:31.852+05:30  INFO 13580 --- [demo] [org.springframework.kafka.KafkaListenerEndpointContainer#0-0-C-1] o.a.k.c.c.internals.ConsumerCoordinator  : [Consumer clientId=consumer-inventory-group-1, groupId=inventory-group] Resetting generation and member id due to: consumer pro-actively leaving the group
2025-06-01T16:47:31.852+05:30  INFO 13580 --- [demo] [org.springframework.kafka.KafkaListenerEndpointContainer#0-0-C-1] o.a.k.c.c.internals.ConsumerCoordinator  : [Consumer clientId=consumer-inventory-group-1, groupId=inventory-group] Request joining group due to: consumer pro-actively leaving the group
2025-06-01T16:47:32.317+05:30  INFO 13580 --- [demo] [org.springframework.kafka.KafkaListenerEndpointContainer#0-0-C-1] o.a.kafka.clients.FetchSessionHandler    : [Consumer clientId=consumer-inventory-group-1, groupId=inventory-group] Node 1001 sent an invalid full fetch response with extraPartitions=(order-events-0), response=(order-events-0)
2025-06-01T16:47:32.319+05:30  INFO 13580 --- [demo] [org.springframework.kafka.KafkaListenerEndpointContainer#0-0-C-1] o.apache.kafka.common.metrics.Metrics    : Metrics scheduler closed
2025-06-01T16:47:32.319+05:30  INFO 13580 --- [demo] [org.springframework.kafka.KafkaListenerEndpointContainer#0-0-C-1] o.apache.kafka.common.metrics.Metrics    : Closing reporter org.apache.kafka.common.metrics.JmxReporter
2025-06-01T16:47:32.319+05:30  INFO 13580 --- [demo] [org.springframework.kafka.KafkaListenerEndpointContainer#0-0-C-1] o.apache.kafka.common.metrics.Metrics    : Closing reporter org.apache.kafka.common.telemetry.internals.ClientTelemetryReporter
2025-06-01T16:47:32.319+05:30  INFO 13580 --- [demo] [org.springframework.kafka.KafkaListenerEndpointContainer#0-0-C-1] o.apache.kafka.common.metrics.Metrics    : Metrics reporters closed
2025-06-01T16:47:32.325+05:30  INFO 13580 --- [demo] [org.springframework.kafka.KafkaListenerEndpointContainer#0-0-C-1] o.a.kafka.common.utils.AppInfoParser     : App info kafka.consumer for consumer-inventory-group-1 unregistered
2025-06-01T16:47:32.326+05:30  INFO 13580 --- [demo] [org.springframework.kafka.KafkaListenerEndpointContainer#0-0-C-1] o.s.k.l.KafkaMessageListenerContainer    : inventory-group: Consumer stopped
2025-06-01T16:47:32.328+05:30  INFO 13580 --- [demo] [SpringApplicationShutdownHook] j.LocalContainerEntityManagerFactoryBean : Closing JPA EntityManagerFactory for persistence unit 'default'
2025-06-01T16:47:32.329+05:30  INFO 13580 --- [demo] [SpringApplicationShutdownHook] com.zaxxer.hikari.HikariDataSource       : HikariPool-1 - Shutdown initiated...
2025-06-01T16:47:32.330+05:30  INFO 13580 --- [demo] [SpringApplicationShutdownHook] com.zaxxer.hikari.HikariDataSource       : HikariPool-1 - Shutdown completed.
2025-06-01T16:47:52.703+05:30  INFO 13973 --- [demo] [main] inventory.demo.DemoApplication           : Starting DemoApplication using Java 23.0.2 with PID 13973 (/Users/roja/Work/Projects/ECommerce_SpringBoot/inventory-service/demo/target/classes started by roja in /Users/roja/Work/Projects/ECommerce_SpringBoot/inventory-service/demo)
2025-06-01T16:47:52.704+05:30  INFO 13973 --- [demo] [main] inventory.demo.DemoApplication           : No active profile set, falling back to 1 default profile: "default"
2025-06-01T16:47:52.862+05:30  INFO 13973 --- [demo] [main] .s.d.r.c.RepositoryConfigurationDelegate : Bootstrapping Spring Data JPA repositories in DEFAULT mode.
2025-06-01T16:47:52.880+05:30  INFO 13973 --- [demo] [main] .s.d.r.c.RepositoryConfigurationDelegate : Finished Spring Data repository scanning in 13 ms. Found 1 JPA repository interface.
2025-06-01T16:47:53.001+05:30  INFO 13973 --- [demo] [main] o.s.b.w.embedded.tomcat.TomcatWebServer  : Tomcat initialized with port 8082 (http)
2025-06-01T16:47:53.006+05:30  INFO 13973 --- [demo] [main] o.apache.catalina.core.StandardService   : Starting service [Tomcat]
2025-06-01T16:47:53.006+05:30  INFO 13973 --- [demo] [main] o.apache.catalina.core.StandardEngine    : Starting Servlet engine: [Apache Tomcat/10.1.41]
2025-06-01T16:47:53.020+05:30  INFO 13973 --- [demo] [main] o.a.c.c.C.[Tomcat].[localhost].[/]       : Initializing Spring embedded WebApplicationContext
2025-06-01T16:47:53.020+05:30  INFO 13973 --- [demo] [main] w.s.c.ServletWebServerApplicationContext : Root WebApplicationContext: initialization completed in 302 ms
2025-06-01T16:47:53.068+05:30  INFO 13973 --- [demo] [main] o.hibernate.jpa.internal.util.LogHelper  : HHH000204: Processing PersistenceUnitInfo [name: default]
2025-06-01T16:47:53.079+05:30  INFO 13973 --- [demo] [main] org.hibernate.Version                    : HHH000412: Hibernate ORM core version 6.6.15.Final
2025-06-01T16:47:53.086+05:30  INFO 13973 --- [demo] [main] o.h.c.internal.RegionFactoryInitiator    : HHH000026: Second-level cache disabled
2025-06-01T16:47:53.151+05:30  INFO 13973 --- [demo] [main] o.s.o.j.p.SpringPersistenceUnitInfo      : No LoadTimeWeaver setup: ignoring JPA class transformer
2025-06-01T16:47:53.159+05:30  INFO 13973 --- [demo] [main] com.zaxxer.hikari.HikariDataSource       : HikariPool-1 - Starting...
2025-06-01T16:47:53.202+05:30  INFO 13973 --- [demo] [main] com.zaxxer.hikari.pool.HikariPool        : HikariPool-1 - Added connection org.postgresql.jdbc.PgConnection@2ff498b0
2025-06-01T16:47:53.202+05:30  INFO 13973 --- [demo] [main] com.zaxxer.hikari.HikariDataSource       : HikariPool-1 - Start completed.
2025-06-01T16:47:53.215+05:30  WARN 13973 --- [demo] [main] org.hibernate.orm.deprecation            : HHH90000025: PostgreSQLDialect does not need to be specified explicitly using 'hibernate.dialect' (remove the property setting and it will be selected by default)
2025-06-01T16:47:53.220+05:30  INFO 13973 --- [demo] [main] org.hibernate.orm.connections.pooling    : HHH10001005: Database info:
	Database JDBC URL [Connecting through datasource 'HikariDataSource (HikariPool-1)']
	Database driver: undefined/unknown
	Database version: 14.17
	Autocommit mode: undefined/unknown
	Isolation level: undefined/unknown
	Minimum pool size: undefined/unknown
	Maximum pool size: undefined/unknown
2025-06-01T16:47:53.410+05:30  INFO 13973 --- [demo] [main] o.h.e.t.j.p.i.JtaPlatformInitiator       : HHH000489: No JTA platform available (set 'hibernate.transaction.jta.platform' to enable JTA platform integration)
2025-06-01T16:47:53.434+05:30  INFO 13973 --- [demo] [main] j.LocalContainerEntityManagerFactoryBean : Initialized JPA EntityManagerFactory for persistence unit 'default'
2025-06-01T16:47:53.513+05:30  WARN 13973 --- [demo] [main] JpaBaseConfiguration$JpaWebConfiguration : spring.jpa.open-in-view is enabled by default. Therefore, database queries may be performed during view rendering. Explicitly configure spring.jpa.open-in-view to disable this warning
2025-06-01T16:47:53.622+05:30  INFO 13973 --- [demo] [main] o.s.b.w.embedded.tomcat.TomcatWebServer  : Tomcat started on port 8082 (http) with context path '/'
2025-06-01T16:47:53.633+05:30  INFO 13973 --- [demo] [main] o.a.k.clients.consumer.ConsumerConfig    : ConsumerConfig values: 
	allow.auto.create.topics = true
	auto.commit.interval.ms = 5000
	auto.include.jmx.reporter = true
	auto.offset.reset = latest
	bootstrap.servers = [localhost:9092]
	check.crcs = true
	client.dns.lookup = use_all_dns_ips
	client.id = consumer-inventory-group-1
	client.rack = 
	connections.max.idle.ms = 540000
	default.api.timeout.ms = 60000
	enable.auto.commit = false
	enable.metrics.push = true
	exclude.internal.topics = true
	fetch.max.bytes = 52428800
	fetch.max.wait.ms = 500
	fetch.min.bytes = 1
	group.id = inventory-group
	group.instance.id = null
	group.protocol = classic
	group.remote.assignor = null
	heartbeat.interval.ms = 3000
	interceptor.classes = []
	internal.leave.group.on.close = true
	internal.throw.on.fetch.stable.offset.unsupported = false
	isolation.level = read_uncommitted
	key.deserializer = class org.apache.kafka.common.serialization.StringDeserializer
	max.partition.fetch.bytes = 1048576
	max.poll.interval.ms = 300000
	max.poll.records = 500
	metadata.max.age.ms = 300000
	metadata.recovery.strategy = none
	metric.reporters = []
	metrics.num.samples = 2
	metrics.recording.level = INFO
	metrics.sample.window.ms = 30000
	partition.assignment.strategy = [class org.apache.kafka.clients.consumer.RangeAssignor, class org.apache.kafka.clients.consumer.CooperativeStickyAssignor]
	receive.buffer.bytes = 65536
	reconnect.backoff.max.ms = 1000
	reconnect.backoff.ms = 50
	request.timeout.ms = 30000
	retry.backoff.max.ms = 1000
	retry.backoff.ms = 100
	sasl.client.callback.handler.class = null
	sasl.jaas.config = null
	sasl.kerberos.kinit.cmd = /usr/bin/kinit
	sasl.kerberos.min.time.before.relogin = 60000
	sasl.kerberos.service.name = null
	sasl.kerberos.ticket.renew.jitter = 0.05
	sasl.kerberos.ticket.renew.window.factor = 0.8
	sasl.login.callback.handler.class = null
	sasl.login.class = null
	sasl.login.connect.timeout.ms = null
	sasl.login.read.timeout.ms = null
	sasl.login.refresh.buffer.seconds = 300
	sasl.login.refresh.min.period.seconds = 60
	sasl.login.refresh.window.factor = 0.8
	sasl.login.refresh.window.jitter = 0.05
	sasl.login.retry.backoff.max.ms = 10000
	sasl.login.retry.backoff.ms = 100
	sasl.mechanism = GSSAPI
	sasl.oauthbearer.clock.skew.seconds = 30
	sasl.oauthbearer.expected.audience = null
	sasl.oauthbearer.expected.issuer = null
	sasl.oauthbearer.header.urlencode = false
	sasl.oauthbearer.jwks.endpoint.refresh.ms = 3600000
	sasl.oauthbearer.jwks.endpoint.retry.backoff.max.ms = 10000
	sasl.oauthbearer.jwks.endpoint.retry.backoff.ms = 100
	sasl.oauthbearer.jwks.endpoint.url = null
	sasl.oauthbearer.scope.claim.name = scope
	sasl.oauthbearer.sub.claim.name = sub
	sasl.oauthbearer.token.endpoint.url = null
	security.protocol = PLAINTEXT
	security.providers = null
	send.buffer.bytes = 131072
	session.timeout.ms = 45000
	socket.connection.setup.timeout.max.ms = 30000
	socket.connection.setup.timeout.ms = 10000
	ssl.cipher.suites = null
	ssl.enabled.protocols = [TLSv1.2, TLSv1.3]
	ssl.endpoint.identification.algorithm = https
	ssl.engine.factory.class = null
	ssl.key.password = null
	ssl.keymanager.algorithm = SunX509
	ssl.keystore.certificate.chain = null
	ssl.keystore.key = null
	ssl.keystore.location = null
	ssl.keystore.password = null
	ssl.keystore.type = JKS
	ssl.protocol = TLSv1.3
	ssl.provider = null
	ssl.secure.random.implementation = null
	ssl.trustmanager.algorithm = PKIX
	ssl.truststore.certificates = null
	ssl.truststore.location = null
	ssl.truststore.password = null
	ssl.truststore.type = JKS
	value.deserializer = class org.springframework.kafka.support.serializer.JsonDeserializer

2025-06-01T16:47:53.646+05:30  INFO 13973 --- [demo] [main] o.a.k.c.t.i.KafkaMetricsCollector        : initializing Kafka metrics collector
2025-06-01T16:47:53.698+05:30  INFO 13973 --- [demo] [main] o.a.kafka.common.utils.AppInfoParser     : Kafka version: 3.9.1
2025-06-01T16:47:53.698+05:30  INFO 13973 --- [demo] [main] o.a.kafka.common.utils.AppInfoParser     : Kafka commitId: f745dfdcee2b9851
2025-06-01T16:47:53.698+05:30  INFO 13973 --- [demo] [main] o.a.kafka.common.utils.AppInfoParser     : Kafka startTimeMs: 1748776673698
2025-06-01T16:47:53.699+05:30  INFO 13973 --- [demo] [main] o.a.k.c.c.i.ClassicKafkaConsumer         : [Consumer clientId=consumer-inventory-group-1, groupId=inventory-group] Subscribed to topic(s): order-events
2025-06-01T16:47:53.705+05:30  INFO 13973 --- [demo] [main] inventory.demo.DemoApplication           : Started DemoApplication in 1.141 seconds (process running for 1.24)
2025-06-01T16:47:53.798+05:30  INFO 13973 --- [demo] [org.springframework.kafka.KafkaListenerEndpointContainer#0-0-C-1] org.apache.kafka.clients.Metadata        : [Consumer clientId=consumer-inventory-group-1, groupId=inventory-group] Cluster ID: PpfBIlqaQ3e0ZeJAyb_1Ew
2025-06-01T16:47:53.798+05:30  INFO 13973 --- [demo] [org.springframework.kafka.KafkaListenerEndpointContainer#0-0-C-1] o.a.k.c.c.internals.ConsumerCoordinator  : [Consumer clientId=consumer-inventory-group-1, groupId=inventory-group] Discovered group coordinator localhost:9092 (id: 2147482646 rack: null)
2025-06-01T16:47:53.799+05:30  INFO 13973 --- [demo] [org.springframework.kafka.KafkaListenerEndpointContainer#0-0-C-1] o.a.k.c.c.internals.ConsumerCoordinator  : [Consumer clientId=consumer-inventory-group-1, groupId=inventory-group] (Re-)joining group
2025-06-01T16:47:53.805+05:30  INFO 13973 --- [demo] [org.springframework.kafka.KafkaListenerEndpointContainer#0-0-C-1] o.a.k.c.c.internals.ConsumerCoordinator  : [Consumer clientId=consumer-inventory-group-1, groupId=inventory-group] Request joining group due to: need to re-join with the given member-id: consumer-inventory-group-1-d685f366-a118-4516-999e-43ba6a9c0bf4
2025-06-01T16:47:53.805+05:30  INFO 13973 --- [demo] [org.springframework.kafka.KafkaListenerEndpointContainer#0-0-C-1] o.a.k.c.c.internals.ConsumerCoordinator  : [Consumer clientId=consumer-inventory-group-1, groupId=inventory-group] (Re-)joining group
2025-06-01T16:47:54.905+05:30  INFO 13973 --- [demo] [org.springframework.kafka.KafkaListenerEndpointContainer#0-0-C-1] o.a.k.c.c.internals.ConsumerCoordinator  : [Consumer clientId=consumer-inventory-group-1, groupId=inventory-group] Successfully joined group with generation Generation{generationId=21, memberId='consumer-inventory-group-1-d685f366-a118-4516-999e-43ba6a9c0bf4', protocol='range'}
2025-06-01T16:47:55.052+05:30  INFO 13973 --- [demo] [org.springframework.kafka.KafkaListenerEndpointContainer#0-0-C-1] o.a.k.c.c.internals.ConsumerCoordinator  : [Consumer clientId=consumer-inventory-group-1, groupId=inventory-group] Successfully synced group in generation Generation{generationId=21, memberId='consumer-inventory-group-1-d685f366-a118-4516-999e-43ba6a9c0bf4', protocol='range'}
2025-06-01T16:47:55.054+05:30  INFO 13973 --- [demo] [org.springframework.kafka.KafkaListenerEndpointContainer#0-0-C-1] o.a.k.c.c.internals.ConsumerCoordinator  : [Consumer clientId=consumer-inventory-group-1, groupId=inventory-group] Notifying assignor about the new Assignment(partitions=[order-events-0])
2025-06-01T16:47:55.056+05:30  INFO 13973 --- [demo] [org.springframework.kafka.KafkaListenerEndpointContainer#0-0-C-1] k.c.c.i.ConsumerRebalanceListenerInvoker : [Consumer clientId=consumer-inventory-group-1, groupId=inventory-group] Adding newly assigned partitions: order-events-0
2025-06-01T16:47:55.062+05:30  INFO 13973 --- [demo] [org.springframework.kafka.KafkaListenerEndpointContainer#0-0-C-1] o.a.k.c.c.internals.ConsumerUtils        : Setting offset for partition order-events-0 to the committed offset FetchPosition{offset=6, offsetEpoch=Optional.empty, currentLeader=LeaderAndEpoch{leader=Optional[localhost:9092 (id: 1001 rack: null)], epoch=0}}
2025-06-01T16:47:55.062+05:30  INFO 13973 --- [demo] [org.springframework.kafka.KafkaListenerEndpointContainer#0-0-C-1] o.s.k.l.KafkaMessageListenerContainer    : inventory-group: partitions assigned: [order-events-0]
2025-06-01T16:51:51.997+05:30  INFO 13973 --- [demo] [org.springframework.kafka.KafkaListenerEndpointContainer#0-0-C-1] o.a.k.c.c.internals.ConsumerCoordinator  : [Consumer clientId=consumer-inventory-group-1, groupId=inventory-group] Request joining group due to: group is already rebalancing
2025-06-01T16:51:52.004+05:30  INFO 13973 --- [demo] [org.springframework.kafka.KafkaListenerEndpointContainer#0-0-C-1] k.c.c.i.ConsumerRebalanceListenerInvoker : [Consumer clientId=consumer-inventory-group-1, groupId=inventory-group] Revoke previously assigned partitions order-events-0
2025-06-01T16:51:52.007+05:30  INFO 13973 --- [demo] [org.springframework.kafka.KafkaListenerEndpointContainer#0-0-C-1] o.s.k.l.KafkaMessageListenerContainer    : inventory-group: partitions revoked: [order-events-0]
2025-06-01T16:51:52.008+05:30  INFO 13973 --- [demo] [org.springframework.kafka.KafkaListenerEndpointContainer#0-0-C-1] o.a.k.c.c.internals.ConsumerCoordinator  : [Consumer clientId=consumer-inventory-group-1, groupId=inventory-group] (Re-)joining group
2025-06-01T16:51:52.015+05:30  INFO 13973 --- [demo] [org.springframework.kafka.KafkaListenerEndpointContainer#0-0-C-1] o.a.k.c.c.internals.ConsumerCoordinator  : [Consumer clientId=consumer-inventory-group-1, groupId=inventory-group] Successfully joined group with generation Generation{generationId=22, memberId='consumer-inventory-group-1-d685f366-a118-4516-999e-43ba6a9c0bf4', protocol='range'}
2025-06-01T16:51:52.026+05:30  INFO 13973 --- [demo] [org.springframework.kafka.KafkaListenerEndpointContainer#0-0-C-1] o.a.k.c.c.internals.ConsumerCoordinator  : [Consumer clientId=consumer-inventory-group-1, groupId=inventory-group] Finished assignment for group at generation 22: {consumer-inventory-group-1-d685f366-a118-4516-999e-43ba6a9c0bf4=Assignment(partitions=[order-events-0])}
2025-06-01T16:51:52.035+05:30  INFO 13973 --- [demo] [org.springframework.kafka.KafkaListenerEndpointContainer#0-0-C-1] o.a.k.c.c.internals.ConsumerCoordinator  : [Consumer clientId=consumer-inventory-group-1, groupId=inventory-group] Successfully synced group in generation Generation{generationId=22, memberId='consumer-inventory-group-1-d685f366-a118-4516-999e-43ba6a9c0bf4', protocol='range'}
2025-06-01T16:51:52.035+05:30  INFO 13973 --- [demo] [org.springframework.kafka.KafkaListenerEndpointContainer#0-0-C-1] o.a.k.c.c.internals.ConsumerCoordinator  : [Consumer clientId=consumer-inventory-group-1, groupId=inventory-group] Notifying assignor about the new Assignment(partitions=[order-events-0])
2025-06-01T16:51:52.036+05:30  INFO 13973 --- [demo] [org.springframework.kafka.KafkaListenerEndpointContainer#0-0-C-1] k.c.c.i.ConsumerRebalanceListenerInvoker : [Consumer clientId=consumer-inventory-group-1, groupId=inventory-group] Adding newly assigned partitions: order-events-0
2025-06-01T16:51:52.038+05:30  INFO 13973 --- [demo] [org.springframework.kafka.KafkaListenerEndpointContainer#0-0-C-1] o.a.k.c.c.internals.ConsumerUtils        : Setting offset for partition order-events-0 to the committed offset FetchPosition{offset=6, offsetEpoch=Optional.empty, currentLeader=LeaderAndEpoch{leader=Optional[localhost:9092 (id: 1001 rack: null)], epoch=0}}
2025-06-01T16:51:52.038+05:30  INFO 13973 --- [demo] [org.springframework.kafka.KafkaListenerEndpointContainer#0-0-C-1] o.s.k.l.KafkaMessageListenerContainer    : inventory-group: partitions assigned: [order-events-0]
2025-06-01T16:52:00.339+05:30  INFO 13973 --- [demo] [org.springframework.kafka.KafkaListenerEndpointContainer#0-0-C-1] k.c.c.i.ConsumerRebalanceListenerInvoker : [Consumer clientId=consumer-inventory-group-1, groupId=inventory-group] Revoke previously assigned partitions order-events-0
2025-06-01T16:52:00.339+05:30  INFO 13973 --- [demo] [org.springframework.kafka.KafkaListenerEndpointContainer#0-0-C-1] o.s.k.l.KafkaMessageListenerContainer    : inventory-group: partitions revoked: [order-events-0]
2025-06-01T16:52:00.340+05:30  INFO 13973 --- [demo] [org.springframework.kafka.KafkaListenerEndpointContainer#0-0-C-1] o.a.k.c.c.internals.ConsumerCoordinator  : [Consumer clientId=consumer-inventory-group-1, groupId=inventory-group] Member consumer-inventory-group-1-d685f366-a118-4516-999e-43ba6a9c0bf4 sending LeaveGroup request to coordinator localhost:9092 (id: 2147482646 rack: null) due to the consumer unsubscribed from all topics
2025-06-01T16:52:00.340+05:30  INFO 13973 --- [demo] [org.springframework.kafka.KafkaListenerEndpointContainer#0-0-C-1] o.a.k.c.c.internals.ConsumerCoordinator  : [Consumer clientId=consumer-inventory-group-1, groupId=inventory-group] Resetting generation and member id due to: consumer pro-actively leaving the group
2025-06-01T16:52:00.341+05:30  INFO 13973 --- [demo] [org.springframework.kafka.KafkaListenerEndpointContainer#0-0-C-1] o.a.k.c.c.internals.ConsumerCoordinator  : [Consumer clientId=consumer-inventory-group-1, groupId=inventory-group] Request joining group due to: consumer pro-actively leaving the group
2025-06-01T16:52:00.341+05:30  INFO 13973 --- [demo] [org.springframework.kafka.KafkaListenerEndpointContainer#0-0-C-1] o.a.k.c.c.i.ClassicKafkaConsumer         : [Consumer clientId=consumer-inventory-group-1, groupId=inventory-group] Unsubscribed all topics or patterns and assigned partitions
2025-06-01T16:52:00.343+05:30  INFO 13973 --- [demo] [org.springframework.kafka.KafkaListenerEndpointContainer#0-0-C-1] o.a.k.c.c.internals.ConsumerCoordinator  : [Consumer clientId=consumer-inventory-group-1, groupId=inventory-group] Resetting generation and member id due to: consumer pro-actively leaving the group
2025-06-01T16:52:00.343+05:30  INFO 13973 --- [demo] [org.springframework.kafka.KafkaListenerEndpointContainer#0-0-C-1] o.a.k.c.c.internals.ConsumerCoordinator  : [Consumer clientId=consumer-inventory-group-1, groupId=inventory-group] Request joining group due to: consumer pro-actively leaving the group
2025-06-01T16:52:00.461+05:30  INFO 13973 --- [demo] [org.springframework.kafka.KafkaListenerEndpointContainer#0-0-C-1] o.apache.kafka.common.metrics.Metrics    : Metrics scheduler closed
2025-06-01T16:52:00.461+05:30  INFO 13973 --- [demo] [org.springframework.kafka.KafkaListenerEndpointContainer#0-0-C-1] o.apache.kafka.common.metrics.Metrics    : Closing reporter org.apache.kafka.common.metrics.JmxReporter
2025-06-01T16:52:00.462+05:30  INFO 13973 --- [demo] [org.springframework.kafka.KafkaListenerEndpointContainer#0-0-C-1] o.apache.kafka.common.metrics.Metrics    : Closing reporter org.apache.kafka.common.telemetry.internals.ClientTelemetryReporter
2025-06-01T16:52:00.462+05:30  INFO 13973 --- [demo] [org.springframework.kafka.KafkaListenerEndpointContainer#0-0-C-1] o.apache.kafka.common.metrics.Metrics    : Metrics reporters closed
2025-06-01T16:52:00.470+05:30  INFO 13973 --- [demo] [org.springframework.kafka.KafkaListenerEndpointContainer#0-0-C-1] o.a.kafka.common.utils.AppInfoParser     : App info kafka.consumer for consumer-inventory-group-1 unregistered
2025-06-01T16:52:00.470+05:30  INFO 13973 --- [demo] [org.springframework.kafka.KafkaListenerEndpointContainer#0-0-C-1] o.s.k.l.KafkaMessageListenerContainer    : inventory-group: Consumer stopped
2025-06-01T16:52:00.474+05:30  INFO 13973 --- [demo] [SpringApplicationShutdownHook] o.s.b.w.e.tomcat.GracefulShutdown        : Commencing graceful shutdown. Waiting for active requests to complete
2025-06-01T16:52:00.482+05:30  INFO 13973 --- [demo] [tomcat-shutdown] o.s.b.w.e.tomcat.GracefulShutdown        : Graceful shutdown complete
2025-06-01T16:52:00.486+05:30  INFO 13973 --- [demo] [SpringApplicationShutdownHook] j.LocalContainerEntityManagerFactoryBean : Closing JPA EntityManagerFactory for persistence unit 'default'
2025-06-01T16:52:00.489+05:30  INFO 13973 --- [demo] [SpringApplicationShutdownHook] com.zaxxer.hikari.HikariDataSource       : HikariPool-1 - Shutdown initiated...
2025-06-01T16:52:00.490+05:30  INFO 13973 --- [demo] [SpringApplicationShutdownHook] com.zaxxer.hikari.HikariDataSource       : HikariPool-1 - Shutdown completed.
