2025-06-01T16:48:03.859+05:30  INFO 14040 --- [demo] [main] payment.demo.DemoApplicationTests        : Starting DemoApplicationTests using Java 23.0.2 with PID 14040 (started by roja in /Users/roja/Work/Projects/ECommerce_SpringBoot/payment-service/demo)
2025-06-01T16:48:03.859+05:30  INFO 14040 --- [demo] [main] payment.demo.DemoApplicationTests        : No active profile set, falling back to 1 default profile: "default"
2025-06-01T16:48:04.038+05:30  INFO 14040 --- [demo] [main] .s.d.r.c.RepositoryConfigurationDelegate : Bootstrapping Spring Data JPA repositories in DEFAULT mode.
2025-06-01T16:48:04.052+05:30  INFO 14040 --- [demo] [main] .s.d.r.c.RepositoryConfigurationDelegate : Finished Spring Data repository scanning in 11 ms. Found 1 JPA repository interface.
2025-06-01T16:48:04.191+05:30  INFO 14040 --- [demo] [main] o.hibernate.jpa.internal.util.LogHelper  : HHH000204: Processing PersistenceUnitInfo [name: default]
2025-06-01T16:48:04.203+05:30  INFO 14040 --- [demo] [main] org.hibernate.Version                    : HHH000412: Hibernate ORM core version 6.6.15.Final
2025-06-01T16:48:04.212+05:30  INFO 14040 --- [demo] [main] o.h.c.internal.RegionFactoryInitiator    : HHH000026: Second-level cache disabled
2025-06-01T16:48:04.299+05:30  INFO 14040 --- [demo] [main] o.s.o.j.p.SpringPersistenceUnitInfo      : No LoadTimeWeaver setup: ignoring JPA class transformer
2025-06-01T16:48:04.307+05:30  INFO 14040 --- [demo] [main] com.zaxxer.hikari.HikariDataSource       : HikariPool-1 - Starting...
2025-06-01T16:48:04.353+05:30  INFO 14040 --- [demo] [main] com.zaxxer.hikari.pool.HikariPool        : HikariPool-1 - Added connection org.postgresql.jdbc.PgConnection@1c92a549
2025-06-01T16:48:04.354+05:30  INFO 14040 --- [demo] [main] com.zaxxer.hikari.HikariDataSource       : HikariPool-1 - Start completed.
2025-06-01T16:48:04.375+05:30  WARN 14040 --- [demo] [main] org.hibernate.orm.deprecation            : HHH90000025: PostgreSQLDialect does not need to be specified explicitly using 'hibernate.dialect' (remove the property setting and it will be selected by default)
2025-06-01T16:48:04.381+05:30  INFO 14040 --- [demo] [main] org.hibernate.orm.connections.pooling    : HHH10001005: Database info:
	Database JDBC URL [Connecting through datasource 'HikariDataSource (HikariPool-1)']
	Database driver: undefined/unknown
	Database version: 14.17
	Autocommit mode: undefined/unknown
	Isolation level: undefined/unknown
	Minimum pool size: undefined/unknown
	Maximum pool size: undefined/unknown
2025-06-01T16:48:04.706+05:30  INFO 14040 --- [demo] [main] o.h.e.t.j.p.i.JtaPlatformInitiator       : HHH000489: No JTA platform available (set 'hibernate.transaction.jta.platform' to enable JTA platform integration)
2025-06-01T16:48:04.735+05:30  INFO 14040 --- [demo] [main] j.LocalContainerEntityManagerFactoryBean : Initialized JPA EntityManagerFactory for persistence unit 'default'
2025-06-01T16:48:04.857+05:30  WARN 14040 --- [demo] [main] JpaBaseConfiguration$JpaWebConfiguration : spring.jpa.open-in-view is enabled by default. Therefore, database queries may be performed during view rendering. Explicitly configure spring.jpa.open-in-view to disable this warning
2025-06-01T16:48:05.004+05:30  INFO 14040 --- [demo] [main] o.a.k.clients.consumer.ConsumerConfig    : ConsumerConfig values: 
	allow.auto.create.topics = true
	auto.commit.interval.ms = 5000
	auto.include.jmx.reporter = true
	auto.offset.reset = latest
	bootstrap.servers = [localhost:9092]
	check.crcs = true
	client.dns.lookup = use_all_dns_ips
	client.id = consumer-payment-group-1
	client.rack = 
	connections.max.idle.ms = 540000
	default.api.timeout.ms = 60000
	enable.auto.commit = false
	enable.metrics.push = true
	exclude.internal.topics = true
	fetch.max.bytes = 52428800
	fetch.max.wait.ms = 500
	fetch.min.bytes = 1
	group.id = payment-group
	group.instance.id = null
	group.protocol = classic
	group.remote.assignor = null
	heartbeat.interval.ms = 3000
	interceptor.classes = []
	internal.leave.group.on.close = true
	internal.throw.on.fetch.stable.offset.unsupported = false
	isolation.level = read_uncommitted
	key.deserializer = class org.apache.kafka.common.serialization.StringDeserializer
	max.partition.fetch.bytes = 1048576
	max.poll.interval.ms = 300000
	max.poll.records = 500
	metadata.max.age.ms = 300000
	metadata.recovery.strategy = none
	metric.reporters = []
	metrics.num.samples = 2
	metrics.recording.level = INFO
	metrics.sample.window.ms = 30000
	partition.assignment.strategy = [class org.apache.kafka.clients.consumer.RangeAssignor, class org.apache.kafka.clients.consumer.CooperativeStickyAssignor]
	receive.buffer.bytes = 65536
	reconnect.backoff.max.ms = 1000
	reconnect.backoff.ms = 50
	request.timeout.ms = 30000
	retry.backoff.max.ms = 1000
	retry.backoff.ms = 100
	sasl.client.callback.handler.class = null
	sasl.jaas.config = null
	sasl.kerberos.kinit.cmd = /usr/bin/kinit
	sasl.kerberos.min.time.before.relogin = 60000
	sasl.kerberos.service.name = null
	sasl.kerberos.ticket.renew.jitter = 0.05
	sasl.kerberos.ticket.renew.window.factor = 0.8
	sasl.login.callback.handler.class = null
	sasl.login.class = null
	sasl.login.connect.timeout.ms = null
	sasl.login.read.timeout.ms = null
	sasl.login.refresh.buffer.seconds = 300
	sasl.login.refresh.min.period.seconds = 60
	sasl.login.refresh.window.factor = 0.8
	sasl.login.refresh.window.jitter = 0.05
	sasl.login.retry.backoff.max.ms = 10000
	sasl.login.retry.backoff.ms = 100
	sasl.mechanism = GSSAPI
	sasl.oauthbearer.clock.skew.seconds = 30
	sasl.oauthbearer.expected.audience = null
	sasl.oauthbearer.expected.issuer = null
	sasl.oauthbearer.header.urlencode = false
	sasl.oauthbearer.jwks.endpoint.refresh.ms = 3600000
	sasl.oauthbearer.jwks.endpoint.retry.backoff.max.ms = 10000
	sasl.oauthbearer.jwks.endpoint.retry.backoff.ms = 100
	sasl.oauthbearer.jwks.endpoint.url = null
	sasl.oauthbearer.scope.claim.name = scope
	sasl.oauthbearer.sub.claim.name = sub
	sasl.oauthbearer.token.endpoint.url = null
	security.protocol = PLAINTEXT
	security.providers = null
	send.buffer.bytes = 131072
	session.timeout.ms = 45000
	socket.connection.setup.timeout.max.ms = 30000
	socket.connection.setup.timeout.ms = 10000
	ssl.cipher.suites = null
	ssl.enabled.protocols = [TLSv1.2, TLSv1.3]
	ssl.endpoint.identification.algorithm = https
	ssl.engine.factory.class = null
	ssl.key.password = null
	ssl.keymanager.algorithm = SunX509
	ssl.keystore.certificate.chain = null
	ssl.keystore.key = null
	ssl.keystore.location = null
	ssl.keystore.password = null
	ssl.keystore.type = JKS
	ssl.protocol = TLSv1.3
	ssl.provider = null
	ssl.secure.random.implementation = null
	ssl.trustmanager.algorithm = PKIX
	ssl.truststore.certificates = null
	ssl.truststore.location = null
	ssl.truststore.password = null
	ssl.truststore.type = JKS
	value.deserializer = class org.springframework.kafka.support.serializer.JsonDeserializer

2025-06-01T16:48:05.017+05:30  INFO 14040 --- [demo] [main] o.a.k.c.t.i.KafkaMetricsCollector        : initializing Kafka metrics collector
2025-06-01T16:48:05.074+05:30  INFO 14040 --- [demo] [main] o.a.kafka.common.utils.AppInfoParser     : Kafka version: 3.9.1
2025-06-01T16:48:05.074+05:30  INFO 14040 --- [demo] [main] o.a.kafka.common.utils.AppInfoParser     : Kafka commitId: f745dfdcee2b9851
2025-06-01T16:48:05.074+05:30  INFO 14040 --- [demo] [main] o.a.kafka.common.utils.AppInfoParser     : Kafka startTimeMs: 1748776685073
2025-06-01T16:48:05.075+05:30  INFO 14040 --- [demo] [main] o.a.k.c.c.i.ClassicKafkaConsumer         : [Consumer clientId=consumer-payment-group-1, groupId=payment-group] Subscribed to topic(s): order-payment-events
2025-06-01T16:48:05.081+05:30  INFO 14040 --- [demo] [main] payment.demo.DemoApplicationTests        : Started DemoApplicationTests in 1.331 seconds (process running for 1.644)
2025-06-01T16:48:05.188+05:30  INFO 14040 --- [demo] [org.springframework.kafka.KafkaListenerEndpointContainer#0-0-C-1] org.apache.kafka.clients.Metadata        : [Consumer clientId=consumer-payment-group-1, groupId=payment-group] Cluster ID: PpfBIlqaQ3e0ZeJAyb_1Ew
2025-06-01T16:48:05.188+05:30  INFO 14040 --- [demo] [org.springframework.kafka.KafkaListenerEndpointContainer#0-0-C-1] o.a.k.c.c.internals.ConsumerCoordinator  : [Consumer clientId=consumer-payment-group-1, groupId=payment-group] Discovered group coordinator localhost:9092 (id: 2147482646 rack: null)
2025-06-01T16:48:05.189+05:30  INFO 14040 --- [demo] [org.springframework.kafka.KafkaListenerEndpointContainer#0-0-C-1] o.a.k.c.c.internals.ConsumerCoordinator  : [Consumer clientId=consumer-payment-group-1, groupId=payment-group] (Re-)joining group
2025-06-01T16:48:05.195+05:30  INFO 14040 --- [demo] [org.springframework.kafka.KafkaListenerEndpointContainer#0-0-C-1] o.a.k.c.c.internals.ConsumerCoordinator  : [Consumer clientId=consumer-payment-group-1, groupId=payment-group] Request joining group due to: need to re-join with the given member-id: consumer-payment-group-1-d9bc2c38-6df3-4156-b0fc-6a2da80ef681
2025-06-01T16:48:05.196+05:30  INFO 14040 --- [demo] [org.springframework.kafka.KafkaListenerEndpointContainer#0-0-C-1] o.a.k.c.c.internals.ConsumerCoordinator  : [Consumer clientId=consumer-payment-group-1, groupId=payment-group] (Re-)joining group
2025-06-01T16:48:05.316+05:30  INFO 14040 --- [demo] [org.springframework.kafka.KafkaListenerEndpointContainer#0-0-C-1] o.a.k.c.c.internals.ConsumerCoordinator  : [Consumer clientId=consumer-payment-group-1, groupId=payment-group] Member consumer-payment-group-1-d9bc2c38-6df3-4156-b0fc-6a2da80ef681 sending LeaveGroup request to coordinator localhost:9092 (id: 2147482646 rack: null) due to the consumer unsubscribed from all topics
2025-06-01T16:48:05.316+05:30  INFO 14040 --- [demo] [org.springframework.kafka.KafkaListenerEndpointContainer#0-0-C-1] o.a.k.c.c.internals.ConsumerCoordinator  : [Consumer clientId=consumer-payment-group-1, groupId=payment-group] Resetting generation and member id due to: consumer pro-actively leaving the group
2025-06-01T16:48:05.317+05:30  INFO 14040 --- [demo] [org.springframework.kafka.KafkaListenerEndpointContainer#0-0-C-1] o.a.k.c.c.internals.ConsumerCoordinator  : [Consumer clientId=consumer-payment-group-1, groupId=payment-group] Request joining group due to: consumer pro-actively leaving the group
2025-06-01T16:48:05.317+05:30  INFO 14040 --- [demo] [org.springframework.kafka.KafkaListenerEndpointContainer#0-0-C-1] o.a.k.c.c.i.ClassicKafkaConsumer         : [Consumer clientId=consumer-payment-group-1, groupId=payment-group] Unsubscribed all topics or patterns and assigned partitions
2025-06-01T16:48:05.317+05:30  INFO 14040 --- [demo] [org.springframework.kafka.KafkaListenerEndpointContainer#0-0-C-1] o.a.k.c.c.internals.ConsumerCoordinator  : [Consumer clientId=consumer-payment-group-1, groupId=payment-group] Resetting generation and member id due to: consumer pro-actively leaving the group
2025-06-01T16:48:05.317+05:30  INFO 14040 --- [demo] [org.springframework.kafka.KafkaListenerEndpointContainer#0-0-C-1] o.a.k.c.c.internals.ConsumerCoordinator  : [Consumer clientId=consumer-payment-group-1, groupId=payment-group] Request joining group due to: consumer pro-actively leaving the group
2025-06-01T16:48:06.919+05:30  INFO 14040 --- [demo] [org.springframework.kafka.KafkaListenerEndpointContainer#0-0-C-1] o.apache.kafka.common.metrics.Metrics    : Metrics scheduler closed
2025-06-01T16:48:06.919+05:30  INFO 14040 --- [demo] [org.springframework.kafka.KafkaListenerEndpointContainer#0-0-C-1] o.apache.kafka.common.metrics.Metrics    : Closing reporter org.apache.kafka.common.metrics.JmxReporter
2025-06-01T16:48:06.920+05:30  INFO 14040 --- [demo] [org.springframework.kafka.KafkaListenerEndpointContainer#0-0-C-1] o.apache.kafka.common.metrics.Metrics    : Closing reporter org.apache.kafka.common.telemetry.internals.ClientTelemetryReporter
2025-06-01T16:48:06.920+05:30  INFO 14040 --- [demo] [org.springframework.kafka.KafkaListenerEndpointContainer#0-0-C-1] o.apache.kafka.common.metrics.Metrics    : Metrics reporters closed
2025-06-01T16:48:06.926+05:30  INFO 14040 --- [demo] [org.springframework.kafka.KafkaListenerEndpointContainer#0-0-C-1] o.a.kafka.common.utils.AppInfoParser     : App info kafka.consumer for consumer-payment-group-1 unregistered
2025-06-01T16:48:06.926+05:30  INFO 14040 --- [demo] [org.springframework.kafka.KafkaListenerEndpointContainer#0-0-C-1] o.s.k.l.KafkaMessageListenerContainer    : payment-group: Consumer stopped
2025-06-01T16:48:06.927+05:30  INFO 14040 --- [demo] [SpringApplicationShutdownHook] j.LocalContainerEntityManagerFactoryBean : Closing JPA EntityManagerFactory for persistence unit 'default'
2025-06-01T16:48:06.928+05:30  INFO 14040 --- [demo] [SpringApplicationShutdownHook] com.zaxxer.hikari.HikariDataSource       : HikariPool-1 - Shutdown initiated...
2025-06-01T16:48:06.928+05:30  INFO 14040 --- [demo] [SpringApplicationShutdownHook] com.zaxxer.hikari.HikariDataSource       : HikariPool-1 - Shutdown completed.
2025-06-01T16:48:15.308+05:30  INFO 14188 --- [demo] [main] payment.demo.DemoApplication             : Starting DemoApplication using Java 23.0.2 with PID 14188 (/Users/roja/Work/Projects/ECommerce_SpringBoot/payment-service/demo/target/classes started by roja in /Users/roja/Work/Projects/ECommerce_SpringBoot/payment-service/demo)
2025-06-01T16:48:15.309+05:30  INFO 14188 --- [demo] [main] payment.demo.DemoApplication             : No active profile set, falling back to 1 default profile: "default"
2025-06-01T16:48:15.470+05:30  INFO 14188 --- [demo] [main] .s.d.r.c.RepositoryConfigurationDelegate : Bootstrapping Spring Data JPA repositories in DEFAULT mode.
2025-06-01T16:48:15.488+05:30  INFO 14188 --- [demo] [main] .s.d.r.c.RepositoryConfigurationDelegate : Finished Spring Data repository scanning in 13 ms. Found 1 JPA repository interface.
2025-06-01T16:48:15.616+05:30  INFO 14188 --- [demo] [main] o.s.b.w.embedded.tomcat.TomcatWebServer  : Tomcat initialized with port 8083 (http)
2025-06-01T16:48:15.621+05:30  INFO 14188 --- [demo] [main] o.apache.catalina.core.StandardService   : Starting service [Tomcat]
2025-06-01T16:48:15.621+05:30  INFO 14188 --- [demo] [main] o.apache.catalina.core.StandardEngine    : Starting Servlet engine: [Apache Tomcat/10.1.41]
2025-06-01T16:48:15.637+05:30  INFO 14188 --- [demo] [main] o.a.c.c.C.[Tomcat].[localhost].[/]       : Initializing Spring embedded WebApplicationContext
2025-06-01T16:48:15.638+05:30  INFO 14188 --- [demo] [main] w.s.c.ServletWebServerApplicationContext : Root WebApplicationContext: initialization completed in 314 ms
2025-06-01T16:48:15.686+05:30  INFO 14188 --- [demo] [main] o.hibernate.jpa.internal.util.LogHelper  : HHH000204: Processing PersistenceUnitInfo [name: default]
2025-06-01T16:48:15.697+05:30  INFO 14188 --- [demo] [main] org.hibernate.Version                    : HHH000412: Hibernate ORM core version 6.6.15.Final
2025-06-01T16:48:15.705+05:30  INFO 14188 --- [demo] [main] o.h.c.internal.RegionFactoryInitiator    : HHH000026: Second-level cache disabled
2025-06-01T16:48:15.769+05:30  INFO 14188 --- [demo] [main] o.s.o.j.p.SpringPersistenceUnitInfo      : No LoadTimeWeaver setup: ignoring JPA class transformer
2025-06-01T16:48:15.781+05:30  INFO 14188 --- [demo] [main] com.zaxxer.hikari.HikariDataSource       : HikariPool-1 - Starting...
2025-06-01T16:48:15.825+05:30  INFO 14188 --- [demo] [main] com.zaxxer.hikari.pool.HikariPool        : HikariPool-1 - Added connection org.postgresql.jdbc.PgConnection@340c5fb6
2025-06-01T16:48:15.825+05:30  INFO 14188 --- [demo] [main] com.zaxxer.hikari.HikariDataSource       : HikariPool-1 - Start completed.
2025-06-01T16:48:15.838+05:30  WARN 14188 --- [demo] [main] org.hibernate.orm.deprecation            : HHH90000025: PostgreSQLDialect does not need to be specified explicitly using 'hibernate.dialect' (remove the property setting and it will be selected by default)
2025-06-01T16:48:15.843+05:30  INFO 14188 --- [demo] [main] org.hibernate.orm.connections.pooling    : HHH10001005: Database info:
	Database JDBC URL [Connecting through datasource 'HikariDataSource (HikariPool-1)']
	Database driver: undefined/unknown
	Database version: 14.17
	Autocommit mode: undefined/unknown
	Isolation level: undefined/unknown
	Minimum pool size: undefined/unknown
	Maximum pool size: undefined/unknown
2025-06-01T16:48:16.039+05:30  INFO 14188 --- [demo] [main] o.h.e.t.j.p.i.JtaPlatformInitiator       : HHH000489: No JTA platform available (set 'hibernate.transaction.jta.platform' to enable JTA platform integration)
2025-06-01T16:48:16.064+05:30  INFO 14188 --- [demo] [main] j.LocalContainerEntityManagerFactoryBean : Initialized JPA EntityManagerFactory for persistence unit 'default'
2025-06-01T16:48:16.147+05:30  WARN 14188 --- [demo] [main] JpaBaseConfiguration$JpaWebConfiguration : spring.jpa.open-in-view is enabled by default. Therefore, database queries may be performed during view rendering. Explicitly configure spring.jpa.open-in-view to disable this warning
2025-06-01T16:48:16.265+05:30  INFO 14188 --- [demo] [main] o.s.b.w.embedded.tomcat.TomcatWebServer  : Tomcat started on port 8083 (http) with context path '/'
2025-06-01T16:48:16.276+05:30  INFO 14188 --- [demo] [main] o.a.k.clients.consumer.ConsumerConfig    : ConsumerConfig values: 
	allow.auto.create.topics = true
	auto.commit.interval.ms = 5000
	auto.include.jmx.reporter = true
	auto.offset.reset = latest
	bootstrap.servers = [localhost:9092]
	check.crcs = true
	client.dns.lookup = use_all_dns_ips
	client.id = consumer-payment-group-1
	client.rack = 
	connections.max.idle.ms = 540000
	default.api.timeout.ms = 60000
	enable.auto.commit = false
	enable.metrics.push = true
	exclude.internal.topics = true
	fetch.max.bytes = 52428800
	fetch.max.wait.ms = 500
	fetch.min.bytes = 1
	group.id = payment-group
	group.instance.id = null
	group.protocol = classic
	group.remote.assignor = null
	heartbeat.interval.ms = 3000
	interceptor.classes = []
	internal.leave.group.on.close = true
	internal.throw.on.fetch.stable.offset.unsupported = false
	isolation.level = read_uncommitted
	key.deserializer = class org.apache.kafka.common.serialization.StringDeserializer
	max.partition.fetch.bytes = 1048576
	max.poll.interval.ms = 300000
	max.poll.records = 500
	metadata.max.age.ms = 300000
	metadata.recovery.strategy = none
	metric.reporters = []
	metrics.num.samples = 2
	metrics.recording.level = INFO
	metrics.sample.window.ms = 30000
	partition.assignment.strategy = [class org.apache.kafka.clients.consumer.RangeAssignor, class org.apache.kafka.clients.consumer.CooperativeStickyAssignor]
	receive.buffer.bytes = 65536
	reconnect.backoff.max.ms = 1000
	reconnect.backoff.ms = 50
	request.timeout.ms = 30000
	retry.backoff.max.ms = 1000
	retry.backoff.ms = 100
	sasl.client.callback.handler.class = null
	sasl.jaas.config = null
	sasl.kerberos.kinit.cmd = /usr/bin/kinit
	sasl.kerberos.min.time.before.relogin = 60000
	sasl.kerberos.service.name = null
	sasl.kerberos.ticket.renew.jitter = 0.05
	sasl.kerberos.ticket.renew.window.factor = 0.8
	sasl.login.callback.handler.class = null
	sasl.login.class = null
	sasl.login.connect.timeout.ms = null
	sasl.login.read.timeout.ms = null
	sasl.login.refresh.buffer.seconds = 300
	sasl.login.refresh.min.period.seconds = 60
	sasl.login.refresh.window.factor = 0.8
	sasl.login.refresh.window.jitter = 0.05
	sasl.login.retry.backoff.max.ms = 10000
	sasl.login.retry.backoff.ms = 100
	sasl.mechanism = GSSAPI
	sasl.oauthbearer.clock.skew.seconds = 30
	sasl.oauthbearer.expected.audience = null
	sasl.oauthbearer.expected.issuer = null
	sasl.oauthbearer.header.urlencode = false
	sasl.oauthbearer.jwks.endpoint.refresh.ms = 3600000
	sasl.oauthbearer.jwks.endpoint.retry.backoff.max.ms = 10000
	sasl.oauthbearer.jwks.endpoint.retry.backoff.ms = 100
	sasl.oauthbearer.jwks.endpoint.url = null
	sasl.oauthbearer.scope.claim.name = scope
	sasl.oauthbearer.sub.claim.name = sub
	sasl.oauthbearer.token.endpoint.url = null
	security.protocol = PLAINTEXT
	security.providers = null
	send.buffer.bytes = 131072
	session.timeout.ms = 45000
	socket.connection.setup.timeout.max.ms = 30000
	socket.connection.setup.timeout.ms = 10000
	ssl.cipher.suites = null
	ssl.enabled.protocols = [TLSv1.2, TLSv1.3]
	ssl.endpoint.identification.algorithm = https
	ssl.engine.factory.class = null
	ssl.key.password = null
	ssl.keymanager.algorithm = SunX509
	ssl.keystore.certificate.chain = null
	ssl.keystore.key = null
	ssl.keystore.location = null
	ssl.keystore.password = null
	ssl.keystore.type = JKS
	ssl.protocol = TLSv1.3
	ssl.provider = null
	ssl.secure.random.implementation = null
	ssl.trustmanager.algorithm = PKIX
	ssl.truststore.certificates = null
	ssl.truststore.location = null
	ssl.truststore.password = null
	ssl.truststore.type = JKS
	value.deserializer = class org.springframework.kafka.support.serializer.JsonDeserializer

2025-06-01T16:48:16.292+05:30  INFO 14188 --- [demo] [main] o.a.k.c.t.i.KafkaMetricsCollector        : initializing Kafka metrics collector
2025-06-01T16:48:16.342+05:30  INFO 14188 --- [demo] [main] o.a.kafka.common.utils.AppInfoParser     : Kafka version: 3.9.1
2025-06-01T16:48:16.342+05:30  INFO 14188 --- [demo] [main] o.a.kafka.common.utils.AppInfoParser     : Kafka commitId: f745dfdcee2b9851
2025-06-01T16:48:16.342+05:30  INFO 14188 --- [demo] [main] o.a.kafka.common.utils.AppInfoParser     : Kafka startTimeMs: 1748776696341
2025-06-01T16:48:16.343+05:30  INFO 14188 --- [demo] [main] o.a.k.c.c.i.ClassicKafkaConsumer         : [Consumer clientId=consumer-payment-group-1, groupId=payment-group] Subscribed to topic(s): order-payment-events
2025-06-01T16:48:16.347+05:30  INFO 14188 --- [demo] [main] payment.demo.DemoApplication             : Started DemoApplication in 1.177 seconds (process running for 1.283)
2025-06-01T16:48:16.443+05:30  INFO 14188 --- [demo] [org.springframework.kafka.KafkaListenerEndpointContainer#0-0-C-1] org.apache.kafka.clients.Metadata        : [Consumer clientId=consumer-payment-group-1, groupId=payment-group] Cluster ID: PpfBIlqaQ3e0ZeJAyb_1Ew
2025-06-01T16:48:16.443+05:30  INFO 14188 --- [demo] [org.springframework.kafka.KafkaListenerEndpointContainer#0-0-C-1] o.a.k.c.c.internals.ConsumerCoordinator  : [Consumer clientId=consumer-payment-group-1, groupId=payment-group] Discovered group coordinator localhost:9092 (id: 2147482646 rack: null)
2025-06-01T16:48:16.444+05:30  INFO 14188 --- [demo] [org.springframework.kafka.KafkaListenerEndpointContainer#0-0-C-1] o.a.k.c.c.internals.ConsumerCoordinator  : [Consumer clientId=consumer-payment-group-1, groupId=payment-group] (Re-)joining group
2025-06-01T16:48:16.449+05:30  INFO 14188 --- [demo] [org.springframework.kafka.KafkaListenerEndpointContainer#0-0-C-1] o.a.k.c.c.internals.ConsumerCoordinator  : [Consumer clientId=consumer-payment-group-1, groupId=payment-group] Request joining group due to: need to re-join with the given member-id: consumer-payment-group-1-1e698bea-7035-4f9d-8af7-006942c7dd0d
2025-06-01T16:48:16.450+05:30  INFO 14188 --- [demo] [org.springframework.kafka.KafkaListenerEndpointContainer#0-0-C-1] o.a.k.c.c.internals.ConsumerCoordinator  : [Consumer clientId=consumer-payment-group-1, groupId=payment-group] (Re-)joining group
2025-06-01T16:48:19.194+05:30  INFO 14188 --- [demo] [org.springframework.kafka.KafkaListenerEndpointContainer#0-0-C-1] o.a.k.c.c.internals.ConsumerCoordinator  : [Consumer clientId=consumer-payment-group-1, groupId=payment-group] Successfully joined group with generation Generation{generationId=15, memberId='consumer-payment-group-1-1e698bea-7035-4f9d-8af7-006942c7dd0d', protocol='range'}
2025-06-01T16:48:19.292+05:30  INFO 14188 --- [demo] [org.springframework.kafka.KafkaListenerEndpointContainer#0-0-C-1] o.a.k.c.c.internals.ConsumerCoordinator  : [Consumer clientId=consumer-payment-group-1, groupId=payment-group] Successfully synced group in generation Generation{generationId=15, memberId='consumer-payment-group-1-1e698bea-7035-4f9d-8af7-006942c7dd0d', protocol='range'}
2025-06-01T16:48:19.296+05:30  INFO 14188 --- [demo] [org.springframework.kafka.KafkaListenerEndpointContainer#0-0-C-1] o.a.k.c.c.internals.ConsumerCoordinator  : [Consumer clientId=consumer-payment-group-1, groupId=payment-group] Notifying assignor about the new Assignment(partitions=[order-payment-events-0])
2025-06-01T16:48:19.300+05:30  INFO 14188 --- [demo] [org.springframework.kafka.KafkaListenerEndpointContainer#0-0-C-1] k.c.c.i.ConsumerRebalanceListenerInvoker : [Consumer clientId=consumer-payment-group-1, groupId=payment-group] Adding newly assigned partitions: order-payment-events-0
2025-06-01T16:48:19.314+05:30  INFO 14188 --- [demo] [org.springframework.kafka.KafkaListenerEndpointContainer#0-0-C-1] o.a.k.c.c.internals.ConsumerUtils        : Setting offset for partition order-payment-events-0 to the committed offset FetchPosition{offset=2, offsetEpoch=Optional.empty, currentLeader=LeaderAndEpoch{leader=Optional[localhost:9092 (id: 1001 rack: null)], epoch=0}}
2025-06-01T16:48:19.316+05:30  INFO 14188 --- [demo] [org.springframework.kafka.KafkaListenerEndpointContainer#0-0-C-1] o.s.k.l.KafkaMessageListenerContainer    : payment-group: partitions assigned: [order-payment-events-0]
2025-06-01T16:51:52.275+05:30  INFO 14188 --- [demo] [org.springframework.kafka.KafkaListenerEndpointContainer#0-0-C-1] o.a.k.c.c.internals.ConsumerCoordinator  : [Consumer clientId=consumer-payment-group-1, groupId=payment-group] Request joining group due to: group is already rebalancing
2025-06-01T16:51:52.279+05:30  INFO 14188 --- [demo] [org.springframework.kafka.KafkaListenerEndpointContainer#0-0-C-1] k.c.c.i.ConsumerRebalanceListenerInvoker : [Consumer clientId=consumer-payment-group-1, groupId=payment-group] Revoke previously assigned partitions order-payment-events-0
2025-06-01T16:51:52.280+05:30  INFO 14188 --- [demo] [org.springframework.kafka.KafkaListenerEndpointContainer#0-0-C-1] o.s.k.l.KafkaMessageListenerContainer    : payment-group: partitions revoked: [order-payment-events-0]
2025-06-01T16:51:52.281+05:30  INFO 14188 --- [demo] [org.springframework.kafka.KafkaListenerEndpointContainer#0-0-C-1] o.a.k.c.c.internals.ConsumerCoordinator  : [Consumer clientId=consumer-payment-group-1, groupId=payment-group] (Re-)joining group
2025-06-01T16:51:52.284+05:30  INFO 14188 --- [demo] [org.springframework.kafka.KafkaListenerEndpointContainer#0-0-C-1] o.a.k.c.c.internals.ConsumerCoordinator  : [Consumer clientId=consumer-payment-group-1, groupId=payment-group] Successfully joined group with generation Generation{generationId=16, memberId='consumer-payment-group-1-1e698bea-7035-4f9d-8af7-006942c7dd0d', protocol='range'}
2025-06-01T16:51:52.292+05:30  INFO 14188 --- [demo] [org.springframework.kafka.KafkaListenerEndpointContainer#0-0-C-1] o.a.k.c.c.internals.ConsumerCoordinator  : [Consumer clientId=consumer-payment-group-1, groupId=payment-group] Finished assignment for group at generation 16: {consumer-payment-group-1-1e698bea-7035-4f9d-8af7-006942c7dd0d=Assignment(partitions=[order-payment-events-0])}
2025-06-01T16:51:52.297+05:30  INFO 14188 --- [demo] [org.springframework.kafka.KafkaListenerEndpointContainer#0-0-C-1] o.a.k.c.c.internals.ConsumerCoordinator  : [Consumer clientId=consumer-payment-group-1, groupId=payment-group] Successfully synced group in generation Generation{generationId=16, memberId='consumer-payment-group-1-1e698bea-7035-4f9d-8af7-006942c7dd0d', protocol='range'}
2025-06-01T16:51:52.298+05:30  INFO 14188 --- [demo] [org.springframework.kafka.KafkaListenerEndpointContainer#0-0-C-1] o.a.k.c.c.internals.ConsumerCoordinator  : [Consumer clientId=consumer-payment-group-1, groupId=payment-group] Notifying assignor about the new Assignment(partitions=[order-payment-events-0])
2025-06-01T16:51:52.298+05:30  INFO 14188 --- [demo] [org.springframework.kafka.KafkaListenerEndpointContainer#0-0-C-1] k.c.c.i.ConsumerRebalanceListenerInvoker : [Consumer clientId=consumer-payment-group-1, groupId=payment-group] Adding newly assigned partitions: order-payment-events-0
2025-06-01T16:51:52.302+05:30  INFO 14188 --- [demo] [org.springframework.kafka.KafkaListenerEndpointContainer#0-0-C-1] o.a.k.c.c.internals.ConsumerUtils        : Setting offset for partition order-payment-events-0 to the committed offset FetchPosition{offset=2, offsetEpoch=Optional.empty, currentLeader=LeaderAndEpoch{leader=Optional[localhost:9092 (id: 1001 rack: null)], epoch=0}}
2025-06-01T16:51:52.302+05:30  INFO 14188 --- [demo] [org.springframework.kafka.KafkaListenerEndpointContainer#0-0-C-1] o.s.k.l.KafkaMessageListenerContainer    : payment-group: partitions assigned: [order-payment-events-0]
2025-06-01T16:52:04.250+05:30  INFO 14188 --- [demo] [org.springframework.kafka.KafkaListenerEndpointContainer#0-0-C-1] k.c.c.i.ConsumerRebalanceListenerInvoker : [Consumer clientId=consumer-payment-group-1, groupId=payment-group] Revoke previously assigned partitions order-payment-events-0
2025-06-01T16:52:04.251+05:30  INFO 14188 --- [demo] [org.springframework.kafka.KafkaListenerEndpointContainer#0-0-C-1] o.s.k.l.KafkaMessageListenerContainer    : payment-group: partitions revoked: [order-payment-events-0]
2025-06-01T16:52:04.251+05:30  INFO 14188 --- [demo] [org.springframework.kafka.KafkaListenerEndpointContainer#0-0-C-1] o.a.k.c.c.internals.ConsumerCoordinator  : [Consumer clientId=consumer-payment-group-1, groupId=payment-group] Member consumer-payment-group-1-1e698bea-7035-4f9d-8af7-006942c7dd0d sending LeaveGroup request to coordinator localhost:9092 (id: 2147482646 rack: null) due to the consumer unsubscribed from all topics
2025-06-01T16:52:04.252+05:30  INFO 14188 --- [demo] [org.springframework.kafka.KafkaListenerEndpointContainer#0-0-C-1] o.a.k.c.c.internals.ConsumerCoordinator  : [Consumer clientId=consumer-payment-group-1, groupId=payment-group] Resetting generation and member id due to: consumer pro-actively leaving the group
2025-06-01T16:52:04.252+05:30  INFO 14188 --- [demo] [org.springframework.kafka.KafkaListenerEndpointContainer#0-0-C-1] o.a.k.c.c.internals.ConsumerCoordinator  : [Consumer clientId=consumer-payment-group-1, groupId=payment-group] Request joining group due to: consumer pro-actively leaving the group
2025-06-01T16:52:04.252+05:30  INFO 14188 --- [demo] [org.springframework.kafka.KafkaListenerEndpointContainer#0-0-C-1] o.a.k.c.c.i.ClassicKafkaConsumer         : [Consumer clientId=consumer-payment-group-1, groupId=payment-group] Unsubscribed all topics or patterns and assigned partitions
2025-06-01T16:52:04.256+05:30  INFO 14188 --- [demo] [org.springframework.kafka.KafkaListenerEndpointContainer#0-0-C-1] o.a.k.c.c.internals.ConsumerCoordinator  : [Consumer clientId=consumer-payment-group-1, groupId=payment-group] Resetting generation and member id due to: consumer pro-actively leaving the group
2025-06-01T16:52:04.256+05:30  INFO 14188 --- [demo] [org.springframework.kafka.KafkaListenerEndpointContainer#0-0-C-1] o.a.k.c.c.internals.ConsumerCoordinator  : [Consumer clientId=consumer-payment-group-1, groupId=payment-group] Request joining group due to: consumer pro-actively leaving the group
2025-06-01T16:52:04.490+05:30  INFO 14188 --- [demo] [org.springframework.kafka.KafkaListenerEndpointContainer#0-0-C-1] o.apache.kafka.common.metrics.Metrics    : Metrics scheduler closed
2025-06-01T16:52:04.491+05:30  INFO 14188 --- [demo] [org.springframework.kafka.KafkaListenerEndpointContainer#0-0-C-1] o.apache.kafka.common.metrics.Metrics    : Closing reporter org.apache.kafka.common.metrics.JmxReporter
2025-06-01T16:52:04.491+05:30  INFO 14188 --- [demo] [org.springframework.kafka.KafkaListenerEndpointContainer#0-0-C-1] o.apache.kafka.common.metrics.Metrics    : Closing reporter org.apache.kafka.common.telemetry.internals.ClientTelemetryReporter
2025-06-01T16:52:04.491+05:30  INFO 14188 --- [demo] [org.springframework.kafka.KafkaListenerEndpointContainer#0-0-C-1] o.apache.kafka.common.metrics.Metrics    : Metrics reporters closed
2025-06-01T16:52:04.499+05:30  INFO 14188 --- [demo] [org.springframework.kafka.KafkaListenerEndpointContainer#0-0-C-1] o.a.kafka.common.utils.AppInfoParser     : App info kafka.consumer for consumer-payment-group-1 unregistered
2025-06-01T16:52:04.501+05:30  INFO 14188 --- [demo] [org.springframework.kafka.KafkaListenerEndpointContainer#0-0-C-1] o.s.k.l.KafkaMessageListenerContainer    : payment-group: Consumer stopped
2025-06-01T16:52:04.504+05:30  INFO 14188 --- [demo] [SpringApplicationShutdownHook] o.s.b.w.e.tomcat.GracefulShutdown        : Commencing graceful shutdown. Waiting for active requests to complete
2025-06-01T16:52:04.512+05:30  INFO 14188 --- [demo] [tomcat-shutdown] o.s.b.w.e.tomcat.GracefulShutdown        : Graceful shutdown complete
2025-06-01T16:52:04.515+05:30  INFO 14188 --- [demo] [SpringApplicationShutdownHook] j.LocalContainerEntityManagerFactoryBean : Closing JPA EntityManagerFactory for persistence unit 'default'
2025-06-01T16:52:04.518+05:30  INFO 14188 --- [demo] [SpringApplicationShutdownHook] com.zaxxer.hikari.HikariDataSource       : HikariPool-1 - Shutdown initiated...
2025-06-01T16:52:04.520+05:30  INFO 14188 --- [demo] [SpringApplicationShutdownHook] com.zaxxer.hikari.HikariDataSource       : HikariPool-1 - Shutdown completed.
